<?xml version="1.0" encoding="UTF-8"?>
<testng-results ignored="0" total="8" passed="8" failed="0" skipped="0">
  <reporter-output>
  </reporter-output>
  <suite started-at="2026-05-12T16:43:23 IST" name="Default suite" finished-at="2026-05-12T16:44:47 IST" duration-ms="84554">
    <groups>
    </groups>
    <test started-at="2026-05-12T16:43:23 IST" name="Default test" finished-at="2026-05-12T16:44:47 IST" duration-ms="84554">
      <class name="Practice110526.globalSQA">
        <test-method is-config="true" signature="launch()[pri:0, instance:Practice110526.globalSQA@1c5920df]" started-at="2026-05-12T16:43:23 IST" name="launch" finished-at="2026-05-12T16:43:30 IST" duration-ms="7468" status="PASS">
          <reporter-output>
          </reporter-output>
        </test-method> <!-- launch -->
        <test-method signature="frames()[pri:1, instance:Practice110526.globalSQA@1c5920df]" started-at="2026-05-12T16:43:30 IST" name="frames" finished-at="2026-05-12T16:43:39 IST" duration-ms="8988" status="PASS">
          <reporter-output>
          </reporter-output>
        </test-method> <!-- frames -->
        <test-method signature="sliders()[pri:2, instance:Practice110526.globalSQA@1c5920df]" started-at="2026-05-12T16:43:39 IST" name="sliders" finished-at="2026-05-12T16:44:25 IST" duration-ms="45824" status="PASS">
          <reporter-output>
          </reporter-output>
        </test-method> <!-- sliders -->
        <test-method signature="dropdown()[pri:3, instance:Practice110526.globalSQA@1c5920df]" started-at="2026-05-12T16:44:25 IST" name="dropdown" finished-at="2026-05-12T16:44:29 IST" duration-ms="3736" status="PASS">
          <reporter-output>
          </reporter-output>
        </test-method> <!-- dropdown -->
        <test-method signature="dialogue()[pri:4, instance:Practice110526.globalSQA@1c5920df]" started-at="2026-05-12T16:44:29 IST" name="dialogue" finished-at="2026-05-12T16:44:31 IST" duration-ms="2700" status="PASS">
          <reporter-output>
          </reporter-output>
        </test-method> <!-- dialogue -->
        <test-method signature="dragDrop()[pri:5, instance:Practice110526.globalSQA@1c5920df]" started-at="2026-05-12T16:44:31 IST" name="dragDrop" finished-at="2026-05-12T16:44:36 IST" duration-ms="4366" status="PASS">
          <reporter-output>
          </reporter-output>
        </test-method> <!-- dragDrop -->
        <test-method signature="dragDropAll()[pri:6, instance:Practice110526.globalSQA@1c5920df]" started-at="2026-05-12T16:44:36 IST" name="dragDropAll" finished-at="2026-05-12T16:44:42 IST" duration-ms="6222" status="PASS">
          <reporter-output>
          </reporter-output>
        </test-method> <!-- dragDropAll -->
        <test-method signature="datePicker()[pri:7, instance:Practice110526.globalSQA@1c5920df]" started-at="2026-05-12T16:44:42 IST" name="datePicker" finished-at="2026-05-12T16:44:46 IST" duration-ms="3555" status="PASS">
          <reporter-output>
          </reporter-output>
        </test-method> <!-- datePicker -->
        <test-method signature="triggerIcon()[pri:8, instance:Practice110526.globalSQA@1c5920df]" started-at="2026-05-12T16:44:46 IST" name="triggerIcon" finished-at="2026-05-12T16:44:47 IST" duration-ms="1367" status="PASS">
          <reporter-output>
          </reporter-output>
        </test-method> <!-- triggerIcon -->
        <test-method is-config="true" signature="closeBrowser()[pri:0, instance:Practice110526.globalSQA@1c5920df]" started-at="2026-05-12T16:44:47 IST" name="closeBrowser" finished-at="2026-05-12T16:44:47 IST" duration-ms="275" status="PASS">
          <reporter-output>
          </reporter-output>
        </test-method> <!-- closeBrowser -->
      </class> <!-- Practice110526.globalSQA -->
    </test> <!-- Default test -->
  </suite> <!-- Default suite -->
</testng-results>
