<?xml version="1.0" encoding="UTF-8"?>
<!-- Generated by org.testng.reporters.JUnitReportReporter -->
<testsuite hostname="LAPTOP-OTQTDMJS" failures="0" tests="8" name="Practice110526.globalSQA" time="76.758" errors="0" timestamp="2026-05-12T16:44:47 IST" skipped="0">
  <testcase classname="Practice110526.globalSQA" name="frames" time="8.988"/>
  <testcase classname="Practice110526.globalSQA" name="sliders" time="45.824"/>
  <testcase classname="Practice110526.globalSQA" name="dropdown" time="3.736"/>
  <testcase classname="Practice110526.globalSQA" name="dialogue" time="2.700"/>
  <testcase classname="Practice110526.globalSQA" name="dragDrop" time="4.366"/>
  <testcase classname="Practice110526.globalSQA" name="dragDropAll" time="6.222"/>
  <testcase classname="Practice110526.globalSQA" name="datePicker" time="3.555"/>
  <testcase classname="Practice110526.globalSQA" name="triggerIcon" time="1.367"/>
</testsuite> <!-- Practice110526.globalSQA -->
